Build started 7/28/2013 8:12:04 PM.
     1>Project "c:\documents and settings\Tsonko\my documents\visual studio 2010\Projects\viviclient\viviclient\viviclient.vcxproj" on node 2 (build target(s)).
     1>InitializeBuildStatus:
         Creating "Debug\viviclient.unsuccessfulbuild" because "AlwaysCreate" was specified.
       ClCompile:
         All outputs are up-to-date.
         c:\Program Files\Microsoft Visual Studio 10.0\VC\bin\CL.exe /c /ZI /nologo /W3 /WX- /Od /Oy- /D WIN32 /D _DEBUG /D _CONSOLE /D _UNICODE /D UNICODE /Gm /EHsc /RTC1 /MDd /GS /fp:precise /Zc:wchar_t /Zc:forScope /Yu"StdAfx.h" /Fp"Debug\viviclient.pch" /Fo"Debug\\" /Fd"Debug\vc100.pdb" /Gd /TP /analyze- /errorReport:prompt viviclient.cpp
         viviclient.cpp
       ManifestResourceCompile:
         All outputs are up-to-date.
       Link:
         c:\Program Files\Microsoft Visual Studio 10.0\VC\bin\link.exe /ERRORREPORT:PROMPT /OUT:"c:\documents and settings\tsonko\my documents\visual studio 2010\Projects\viviclient\Debug\viviclient.exe" /INCREMENTAL /NOLOGO kernel32.lib user32.lib gdi32.lib winspool.lib comdlg32.lib advapi32.lib shell32.lib ole32.lib oleaut32.lib uuid.lib odbc32.lib odbccp32.lib /MANIFEST /ManifestFile:"Debug\viviclient.exe.intermediate.manifest" /MANIFESTUAC:"level='asInvoker' uiAccess='false'" /DEBUG /PDB:"c:\documents and settings\tsonko\my documents\visual studio 2010\Projects\viviclient\Debug\viviclient.pdb" /SUBSYSTEM:CONSOLE /TLBID:1 /DYNAMICBASE /NXCOMPAT /IMPLIB:"c:\documents and settings\tsonko\my documents\visual studio 2010\Projects\viviclient\Debug\viviclient.lib" /MACHINE:X86 Debug\viviclient.exe.embed.manifest.res
         Debug\stdafx.obj
         Debug\viviclient.obj
       Manifest:
         C:\Program Files\Microsoft SDKs\Windows\v7.0A\bin\mt.exe /nologo /verbose /out:"Debug\viviclient.exe.embed.manifest" /manifest Debug\viviclient.exe.intermediate.manifest
         All outputs are up-to-date.
       LinkEmbedManifest:
         All outputs are up-to-date.
         viviclient.vcxproj -> c:\documents and settings\tsonko\my documents\visual studio 2010\Projects\viviclient\Debug\viviclient.exe
       FinalizeBuildStatus:
         Deleting file "Debug\viviclient.unsuccessfulbuild".
         Touching "Debug\viviclient.lastbuildstate".
     1>Done Building Project "c:\documents and settings\Tsonko\my documents\visual studio 2010\Projects\viviclient\viviclient\viviclient.vcxproj" (build target(s)).

Build succeeded.

Time Elapsed 00:00:10.07
