Build started 12/14/2012 2:56:41 PM.
     1>Project "C:\Documents and Settings\Tsonko\my documents\visual studio 2010\Projects\dfasdfasdf\dfasdfasdf\dfasdfasdf.vcxproj" on node 2 (build target(s)).
     1>InitializeBuildStatus:
         Creating "Debug\dfasdfasdf.unsuccessfulbuild" because "AlwaysCreate" was specified.
       ClCompile:
         C:\Program Files\Microsoft Visual Studio 10.0\VC\bin\CL.exe /c /ZI /nologo /W3 /WX- /Od /Oy- /D WIN32 /D _DEBUG /D _CONSOLE /D _UNICODE /D UNICODE /Gm /EHsc /RTC1 /MDd /GS /fp:precise /Zc:wchar_t /Zc:forScope /Fo"Debug\\" /Fd"Debug\vc100.pdb" /Gd /TP /analyze- /errorReport:prompt main.cpp
         main.cpp
       ManifestResourceCompile:
         All outputs are up-to-date.
       Link:
         C:\Program Files\Microsoft Visual Studio 10.0\VC\bin\link.exe /ERRORREPORT:PROMPT /OUT:"C:\Documents and Settings\Tsonko\my documents\visual studio 2010\Projects\dfasdfasdf\Debug\dfasdfasdf.exe" /INCREMENTAL /NOLOGO opencv_calib3d243.lib opencv_calib3d243d.lib opencv_contrib243.lib opencv_contrib243d.lib opencv_core243.lib opencv_core243d.lib opencv_features2d243.lib opencv_features2d243d.lib opencv_flann243.lib opencv_flann243d.lib opencv_gpu243.lib opencv_gpu243d.lib opencv_haartraining_engine.lib opencv_haartraining_engined.lib opencv_highgui243.lib opencv_highgui243d.lib opencv_imgproc243.lib opencv_imgproc243d.lib opencv_legacy243.lib opencv_legacy243d.lib opencv_ml243.lib opencv_ml243d.lib opencv_nonfree243.lib opencv_nonfree243d.lib opencv_objdetect243.lib opencv_objdetect243d.lib opencv_photo243.lib opencv_photo243d.lib opencv_stitching243.lib opencv_stitching243d.lib opencv_ts243.lib opencv_ts243d.lib opencv_video243.lib opencv_video243d.lib opencv_videostab243.lib opencv_videostab243d.lib kernel32.lib user32.lib gdi32.lib winspool.lib comdlg32.lib advapi32.lib shell32.lib ole32.lib oleaut32.lib uuid.lib odbc32.lib odbccp32.lib /MANIFEST /ManifestFile:"Debug\dfasdfasdf.exe.intermediate.manifest" /MANIFESTUAC:"level='asInvoker' uiAccess='false'" /DEBUG /PDB:"C:\Documents and Settings\Tsonko\my documents\visual studio 2010\Projects\dfasdfasdf\Debug\dfasdfasdf.pdb" /SUBSYSTEM:CONSOLE /TLBID:1 /DYNAMICBASE /NXCOMPAT /IMPLIB:"C:\Documents and Settings\Tsonko\my documents\visual studio 2010\Projects\dfasdfasdf\Debug\dfasdfasdf.lib" /MACHINE:X86 Debug\dfasdfasdf.exe.embed.manifest.res
         Debug\main.obj
       Manifest:
         C:\Program Files\Microsoft SDKs\Windows\v7.0A\bin\mt.exe /nologo /verbose /out:"Debug\dfasdfasdf.exe.embed.manifest" /manifest Debug\dfasdfasdf.exe.intermediate.manifest
         All outputs are up-to-date.
       LinkEmbedManifest:
         All outputs are up-to-date.
         dfasdfasdf.vcxproj -> C:\Documents and Settings\Tsonko\my documents\visual studio 2010\Projects\dfasdfasdf\Debug\dfasdfasdf.exe
       FinalizeBuildStatus:
         Deleting file "Debug\dfasdfasdf.unsuccessfulbuild".
         Touching "Debug\dfasdfasdf.lastbuildstate".
     1>Done Building Project "C:\Documents and Settings\Tsonko\my documents\visual studio 2010\Projects\dfasdfasdf\dfasdfasdf\dfasdfasdf.vcxproj" (build target(s)).

Build succeeded.

Time Elapsed 00:00:07.40
